{"b79aff3b4bcd9238ed7ee264541d4423":{"statistic":{"failed":0,"broken":1,"skipped":0,"passed":0,"unknown":0,"total":1},"items":[{"uid":"513473a571b6d094","status":"broken","statusDetails":"selenium.common.exceptions.TimeoutException: Message: \nStacktrace:\n#0 0x55fc8ac7194a <unknown>\n#1 0x55fc8a6e68a0 <unknown>\n#2 0x55fc8a738540 <unknown>\n#3 0x55fc8a738731 <unknown>\n#4 0x55fc8a786824 <unknown>\n#5 0x55fc8a75e05d <unknown>\n#6 0x55fc8a783c23 <unknown>\n#7 0x55fc8a75de03 <unknown>\n#8 0x55fc8a72a968 <unknown>\n#9 0x55fc8a72b5e1 <unknown>\n#10 0x55fc8ac35548 <unknown>\n#11 0x55fc8ac39272 <unknown>\n#12 0x55fc8ac1c313 <unknown>\n#13 0x55fc8ac39dc5 <unknown>\n#14 0x55fc8ac0149f <unknown>\n#15 0x55fc8ac5e158 <unknown>\n#16 0x55fc8ac5e332 <unknown>\n#17 0x55fc8ac70a53 <unknown>\n#18 0x7fc15829caa4 <unknown>\n#19 0x7fc158329c3c <unknown>","time":{"start":1758026057426,"stop":1758026067832,"duration":10406}}]},"5e0ec4727af7f8774eb24de0affbba86":{"statistic":{"failed":0,"broken":1,"skipped":0,"passed":0,"unknown":0,"total":1},"items":[{"uid":"5f92e0cf87ef1e98","status":"broken","statusDetails":"selenium.common.exceptions.NoSuchElementException: Message: no such element: Unable to locate element: {\"method\":\"xpath\",\"selector\":\"//input[@title=\"First Name\"]\"}\n  (Session info: chrome=140.0.7339.80); For documentation on this error, please visit: https://www.selenium.dev/documentation/webdriver/troubleshooting/errors#no-such-element-exception\nStacktrace:\n#0 0x559c3739d94a <unknown>\n#1 0x559c36e128a0 <unknown>\n#2 0x559c36e64540 <unknown>\n#3 0x559c36e64731 <unknown>\n#4 0x559c36eb2824 <unknown>\n#5 0x559c36e8a05d <unknown>\n#6 0x559c36eafc23 <unknown>\n#7 0x559c36e89e03 <unknown>\n#8 0x559c36e56968 <unknown>\n#9 0x559c36e575e1 <unknown>\n#10 0x559c37361548 <unknown>\n#11 0x559c37365272 <unknown>\n#12 0x559c37348313 <unknown>\n#13 0x559c37365dc5 <unknown>\n#14 0x559c3732d49f <unknown>\n#15 0x559c3738a158 <unknown>\n#16 0x559c3738a332 <unknown>\n#17 0x559c3739ca53 <unknown>\n#18 0x7f49c2c9caa4 <unknown>\n#19 0x7f49c2d29c3c <unknown>","time":{"start":1758026033015,"stop":1758026033241,"duration":226}}]},"5ea5291d8f71f0f38c3e495d297add57":{"statistic":{"failed":0,"broken":1,"skipped":0,"passed":0,"unknown":0,"total":1},"items":[{"uid":"25d6a20d8d5f21dd","status":"broken","statusDetails":"selenium.common.exceptions.NoSuchElementException: Message: no such element: Unable to locate element: {\"method\":\"xpath\",\"selector\":\"//input[@title=\"First Name\"]\"}\n  (Session info: chrome=140.0.7339.80); For documentation on this error, please visit: https://www.selenium.dev/documentation/webdriver/troubleshooting/errors#no-such-element-exception\nStacktrace:\n#0 0x5578de2ff94a <unknown>\n#1 0x5578ddd748a0 <unknown>\n#2 0x5578dddc6540 <unknown>\n#3 0x5578dddc6731 <unknown>\n#4 0x5578dde14824 <unknown>\n#5 0x5578dddec05d <unknown>\n#6 0x5578dde11c23 <unknown>\n#7 0x5578dddebe03 <unknown>\n#8 0x5578dddb8968 <unknown>\n#9 0x5578dddb95e1 <unknown>\n#10 0x5578de2c3548 <unknown>\n#11 0x5578de2c7272 <unknown>\n#12 0x5578de2aa313 <unknown>\n#13 0x5578de2c7dc5 <unknown>\n#14 0x5578de28f49f <unknown>\n#15 0x5578de2ec158 <unknown>\n#16 0x5578de2ec332 <unknown>\n#17 0x5578de2fea53 <unknown>\n#18 0x7f3dcee9caa4 <unknown>\n#19 0x7f3dcef29c3c <unknown>","time":{"start":1758026031989,"stop":1758026032692,"duration":703}}]},"7e707fa87e51a4a4d18f1d262911fd52":{"statistic":{"failed":0,"broken":1,"skipped":0,"passed":0,"unknown":0,"total":1},"items":[{"uid":"907f4686a433f34c","status":"broken","statusDetails":"selenium.common.exceptions.NoSuchElementException: Message: no such element: Unable to locate element: {\"method\":\"xpath\",\"selector\":\"//input[@title=\"First Name\"]\"}\n  (Session info: chrome=140.0.7339.80); For documentation on this error, please visit: https://www.selenium.dev/documentation/webdriver/troubleshooting/errors#no-such-element-exception\nStacktrace:\n#0 0x5592278b794a <unknown>\n#1 0x55922732c8a0 <unknown>\n#2 0x55922737e540 <unknown>\n#3 0x55922737e731 <unknown>\n#4 0x5592273cc824 <unknown>\n#5 0x5592273a405d <unknown>\n#6 0x5592273c9c23 <unknown>\n#7 0x5592273a3e03 <unknown>\n#8 0x559227370968 <unknown>\n#9 0x5592273715e1 <unknown>\n#10 0x55922787b548 <unknown>\n#11 0x55922787f272 <unknown>\n#12 0x559227862313 <unknown>\n#13 0x55922787fdc5 <unknown>\n#14 0x55922784749f <unknown>\n#15 0x5592278a4158 <unknown>\n#16 0x5592278a4332 <unknown>\n#17 0x5592278b6a53 <unknown>\n#18 0x7f41c7c9caa4 <unknown>\n#19 0x7f41c7d29c3c <unknown>","time":{"start":1758026033536,"stop":1758026033795,"duration":259}}]},"0ca1eda4631d1f00692b707e7ba9c949":{"statistic":{"failed":0,"broken":1,"skipped":0,"passed":0,"unknown":0,"total":1},"items":[{"uid":"cb3a5f2a445faea9","status":"broken","statusDetails":"selenium.common.exceptions.TimeoutException: Message: \nStacktrace:\n#0 0x557087d2d94a <unknown>\n#1 0x5570877a28a0 <unknown>\n#2 0x5570877f4540 <unknown>\n#3 0x5570877f4731 <unknown>\n#4 0x557087842824 <unknown>\n#5 0x55708781a05d <unknown>\n#6 0x55708783fc23 <unknown>\n#7 0x557087819e03 <unknown>\n#8 0x5570877e6968 <unknown>\n#9 0x5570877e75e1 <unknown>\n#10 0x557087cf1548 <unknown>\n#11 0x557087cf5272 <unknown>\n#12 0x557087cd8313 <unknown>\n#13 0x557087cf5dc5 <unknown>\n#14 0x557087cbd49f <unknown>\n#15 0x557087d1a158 <unknown>\n#16 0x557087d1a332 <unknown>\n#17 0x557087d2ca53 <unknown>\n#18 0x7f4c0f09caa4 <unknown>\n#19 0x7f4c0f129c3c <unknown>","time":{"start":1758026034085,"stop":1758026044496,"duration":10411}}]},"be8397566c7be55c48c242816f10adb0":{"statistic":{"failed":0,"broken":1,"skipped":0,"passed":0,"unknown":0,"total":1},"items":[{"uid":"47f12fdc5995cc9e","status":"broken","statusDetails":"selenium.common.exceptions.NoSuchElementException: Message: no such element: Unable to locate element: {\"method\":\"xpath\",\"selector\":\"//span[@class='base']\"}\n  (Session info: chrome=140.0.7339.80); For documentation on this error, please visit: https://www.selenium.dev/documentation/webdriver/troubleshooting/errors#no-such-element-exception\nStacktrace:\n#0 0x556f0ec7594a <unknown>\n#1 0x556f0e6ea8a0 <unknown>\n#2 0x556f0e73c540 <unknown>\n#3 0x556f0e73c731 <unknown>\n#4 0x556f0e78a824 <unknown>\n#5 0x556f0e76205d <unknown>\n#6 0x556f0e787c23 <unknown>\n#7 0x556f0e761e03 <unknown>\n#8 0x556f0e72e968 <unknown>\n#9 0x556f0e72f5e1 <unknown>\n#10 0x556f0ec39548 <unknown>\n#11 0x556f0ec3d272 <unknown>\n#12 0x556f0ec20313 <unknown>\n#13 0x556f0ec3ddc5 <unknown>\n#14 0x556f0ec0549f <unknown>\n#15 0x556f0ec62158 <unknown>\n#16 0x556f0ec62332 <unknown>\n#17 0x556f0ec74a53 <unknown>\n#18 0x7f0e9089caa4 <unknown>\n#19 0x7f0e90929c3c <unknown>","time":{"start":1758026056909,"stop":1758026057142,"duration":233}}]},"eb125d7213fab462e15c27be7be1f0a2":{"statistic":{"failed":0,"broken":1,"skipped":0,"passed":0,"unknown":0,"total":1},"items":[{"uid":"200c757ad8a417f7","status":"broken","statusDetails":"selenium.common.exceptions.NoSuchElementException: Message: no such element: Unable to locate element: {\"method\":\"xpath\",\"selector\":\"//span[text()=\"Women's Deals\"]\"}\n  (Session info: chrome=140.0.7339.80); For documentation on this error, please visit: https://www.selenium.dev/documentation/webdriver/troubleshooting/errors#no-such-element-exception\nStacktrace:\n#0 0x55e91f77194a <unknown>\n#1 0x55e91f1e68a0 <unknown>\n#2 0x55e91f238540 <unknown>\n#3 0x55e91f238731 <unknown>\n#4 0x55e91f286824 <unknown>\n#5 0x55e91f25e05d <unknown>\n#6 0x55e91f283c23 <unknown>\n#7 0x55e91f25de03 <unknown>\n#8 0x55e91f22a968 <unknown>\n#9 0x55e91f22b5e1 <unknown>\n#10 0x55e91f735548 <unknown>\n#11 0x55e91f739272 <unknown>\n#12 0x55e91f71c313 <unknown>\n#13 0x55e91f739dc5 <unknown>\n#14 0x55e91f70149f <unknown>\n#15 0x55e91f75e158 <unknown>\n#16 0x55e91f75e332 <unknown>\n#17 0x55e91f770a53 <unknown>\n#18 0x7f245569caa4 <unknown>\n#19 0x7f2455729c3c <unknown>","time":{"start":1758026056316,"stop":1758026056619,"duration":303}}]},"4c81d0c0799cab31da1de51047c88eee":{"statistic":{"failed":0,"broken":1,"skipped":0,"passed":0,"unknown":0,"total":1},"items":[{"uid":"9d3e5b7155ea03e0","status":"broken","statusDetails":"selenium.common.exceptions.NoSuchElementException: Message: no such element: Unable to locate element: {\"method\":\"xpath\",\"selector\":\"//select[@id=\"sorter\"]\"}\n  (Session info: chrome=140.0.7339.80); For documentation on this error, please visit: https://www.selenium.dev/documentation/webdriver/troubleshooting/errors#no-such-element-exception\nStacktrace:\n#0 0x55dec73e694a <unknown>\n#1 0x55dec6e5b8a0 <unknown>\n#2 0x55dec6ead540 <unknown>\n#3 0x55dec6ead731 <unknown>\n#4 0x55dec6efb824 <unknown>\n#5 0x55dec6ed305d <unknown>\n#6 0x55dec6ef8c23 <unknown>\n#7 0x55dec6ed2e03 <unknown>\n#8 0x55dec6e9f968 <unknown>\n#9 0x55dec6ea05e1 <unknown>\n#10 0x55dec73aa548 <unknown>\n#11 0x55dec73ae272 <unknown>\n#12 0x55dec7391313 <unknown>\n#13 0x55dec73aedc5 <unknown>\n#14 0x55dec737649f <unknown>\n#15 0x55dec73d3158 <unknown>\n#16 0x55dec73d3332 <unknown>\n#17 0x55dec73e5a53 <unknown>\n#18 0x7fc184a9caa4 <unknown>\n#19 0x7fc184b29c3c <unknown>","time":{"start":1758026055536,"stop":1758026055821,"duration":285}}]},"cccd7fa1533bfce948ab6fe9fff32ef8":{"statistic":{"failed":0,"broken":1,"skipped":0,"passed":0,"unknown":0,"total":1},"items":[{"uid":"2f0b519ce2d79b93","status":"broken","statusDetails":"selenium.common.exceptions.TimeoutException: Message: \nStacktrace:\n#0 0x5650e351994a <unknown>\n#1 0x5650e2f8e8a0 <unknown>\n#2 0x5650e2fe0540 <unknown>\n#3 0x5650e2fe0731 <unknown>\n#4 0x5650e302e824 <unknown>\n#5 0x5650e300605d <unknown>\n#6 0x5650e302bc23 <unknown>\n#7 0x5650e3005e03 <unknown>\n#8 0x5650e2fd2968 <unknown>\n#9 0x5650e2fd35e1 <unknown>\n#10 0x5650e34dd548 <unknown>\n#11 0x5650e34e1272 <unknown>\n#12 0x5650e34c4313 <unknown>\n#13 0x5650e34e1dc5 <unknown>\n#14 0x5650e34a949f <unknown>\n#15 0x5650e3506158 <unknown>\n#16 0x5650e3506332 <unknown>\n#17 0x5650e3518a53 <unknown>\n#18 0x7f4570a9caa4 <unknown>\n#19 0x7f4570b29c3c <unknown>","time":{"start":1758026044799,"stop":1758026055272,"duration":10473}}]}}