{"uid":"5f92e0cf87ef1e98","name":"test_check_validation_when_password_and_confirm_password_values_arent_the_same","fullName":"tests.test_create_customer_account_page#test_check_validation_when_password_and_confirm_password_values_arent_the_same","historyId":"5e0ec4727af7f8774eb24de0affbba86","time":{"start":1758026033015,"stop":1758026033241,"duration":226},"description":"Check validation for the case when passwords are not the same","descriptionHtml":"<p>Check validation for the case when passwords are not the same</p>\n","status":"broken","statusMessage":"selenium.common.exceptions.NoSuchElementException: Message: no such element: Unable to locate element: {\"method\":\"xpath\",\"selector\":\"//input[@title=\"First Name\"]\"}\n  (Session info: chrome=140.0.7339.80); For documentation on this error, please visit: https://www.selenium.dev/documentation/webdriver/troubleshooting/errors#no-such-element-exception\nStacktrace:\n#0 0x559c3739d94a <unknown>\n#1 0x559c36e128a0 <unknown>\n#2 0x559c36e64540 <unknown>\n#3 0x559c36e64731 <unknown>\n#4 0x559c36eb2824 <unknown>\n#5 0x559c36e8a05d <unknown>\n#6 0x559c36eafc23 <unknown>\n#7 0x559c36e89e03 <unknown>\n#8 0x559c36e56968 <unknown>\n#9 0x559c36e575e1 <unknown>\n#10 0x559c37361548 <unknown>\n#11 0x559c37365272 <unknown>\n#12 0x559c37348313 <unknown>\n#13 0x559c37365dc5 <unknown>\n#14 0x559c3732d49f <unknown>\n#15 0x559c3738a158 <unknown>\n#16 0x559c3738a332 <unknown>\n#17 0x559c3739ca53 <unknown>\n#18 0x7f49c2c9caa4 <unknown>\n#19 0x7f49c2d29c3c <unknown>","statusTrace":"create_customer_account_page = <pages.create_customer_account_page.CreateCustomerAccount object at 0x7f2cd28c9b90>\n\n    @pytest.mark.extended\n    @allure.description('Check validation for the case when passwords are not the same')\n    def test_check_validation_when_password_and_confirm_password_values_arent_the_same(create_customer_account_page):\n        create_customer_account_page.open_page()\n>       create_customer_account_page.fill_create_new_customer_account_form(\n            'Jane', 'Doe', 'janedoe0706@gmail.com', 'Janedoe123@', 'Janedoe12345'\n        )\n\ntests/test_create_customer_account_page.py:20: \n_ _ _ _ _ _ _ _ _ _ _ _ _ _ _ _ _ _ _ _ _ _ _ _ _ _ _ _ _ _ _ _ _ _ _ _ _ _ _ _ \npages/create_customer_account_page.py:16: in fill_create_new_customer_account_form\n    first_name_field = self.find(loc.first_name_field_loc)\n                       ^^^^^^^^^^^^^^^^^^^^^^^^^^^^^^^^^^^\npages/base_page.py:21: in find\n    return self.driver.find_element(*locator)\n           ^^^^^^^^^^^^^^^^^^^^^^^^^^^^^^^^^^\n/opt/hostedtoolcache/Python/3.11.13/x64/lib/python3.11/site-packages/selenium/webdriver/remote/webdriver.py:914: in find_element\n    return self.execute(Command.FIND_ELEMENT, {\"using\": by, \"value\": value})[\"value\"]\n           ^^^^^^^^^^^^^^^^^^^^^^^^^^^^^^^^^^^^^^^^^^^^^^^^^^^^^^^^^^^^^^^^^\n/opt/hostedtoolcache/Python/3.11.13/x64/lib/python3.11/site-packages/selenium/webdriver/remote/webdriver.py:447: in execute\n    self.error_handler.check_response(response)\n_ _ _ _ _ _ _ _ _ _ _ _ _ _ _ _ _ _ _ _ _ _ _ _ _ _ _ _ _ _ _ _ _ _ _ _ _ _ _ _ \n\nself = <selenium.webdriver.remote.errorhandler.ErrorHandler object at 0x7f2cd28d6b90>\nresponse = {'status': 404, 'value': '{\"value\":{\"error\":\"no such element\",\"message\":\"no such element: Unable to locate element: {\\...\\\\n#17 0x559c3739ca53 \\\\u003Cunknown>\\\\n#18 0x7f49c2c9caa4 \\\\u003Cunknown>\\\\n#19 0x7f49c2d29c3c \\\\u003Cunknown>\\\\n\"}}'}\n\n    def check_response(self, response: Dict[str, Any]) -> None:\n        \"\"\"Checks that a JSON response from the WebDriver does not have an\n        error.\n    \n        :Args:\n         - response - The JSON response from the WebDriver server as a dictionary\n           object.\n    \n        :Raises: If the response contains an error message.\n        \"\"\"\n        status = response.get(\"status\", None)\n        if not status or status == ErrorCode.SUCCESS:\n            return\n        value = None\n        message = response.get(\"message\", \"\")\n        screen: str = response.get(\"screen\", \"\")\n        stacktrace = None\n        if isinstance(status, int):\n            value_json = response.get(\"value\", None)\n            if value_json and isinstance(value_json, str):\n                import json\n    \n                try:\n                    value = json.loads(value_json)\n                    if len(value) == 1:\n                        value = value[\"value\"]\n                    status = value.get(\"error\", None)\n                    if not status:\n                        status = value.get(\"status\", ErrorCode.UNKNOWN_ERROR)\n                        message = value.get(\"value\") or value.get(\"message\")\n                        if not isinstance(message, str):\n                            value = message\n                            message = message.get(\"message\")\n                    else:\n                        message = value.get(\"message\", None)\n                except ValueError:\n                    pass\n    \n        exception_class: Type[WebDriverException]\n        e = ErrorCode()\n        error_codes = [item for item in dir(e) if not item.startswith(\"__\")]\n        for error_code in error_codes:\n            error_info = getattr(ErrorCode, error_code)\n            if isinstance(error_info, list) and status in error_info:\n                exception_class = getattr(ExceptionMapping, error_code, WebDriverException)\n                break\n        else:\n            exception_class = WebDriverException\n    \n        if not value:\n            value = response[\"value\"]\n        if isinstance(value, str):\n            raise exception_class(value)\n        if message == \"\" and \"message\" in value:\n            message = value[\"message\"]\n    \n        screen = None  # type: ignore[assignment]\n        if \"screen\" in value:\n            screen = value[\"screen\"]\n    \n        stacktrace = None\n        st_value = value.get(\"stackTrace\") or value.get(\"stacktrace\")\n        if st_value:\n            if isinstance(st_value, str):\n                stacktrace = st_value.split(\"\\n\")\n            else:\n                stacktrace = []\n                try:\n                    for frame in st_value:\n                        line = frame.get(\"lineNumber\", \"\")\n                        file = frame.get(\"fileName\", \"<anonymous>\")\n                        if line:\n                            file = f\"{file}:{line}\"\n                        meth = frame.get(\"methodName\", \"<anonymous>\")\n                        if \"className\" in frame:\n                            meth = f\"{frame['className']}.{meth}\"\n                        msg = \"    at %s (%s)\"\n                        msg = msg % (meth, file)\n                        stacktrace.append(msg)\n                except TypeError:\n                    pass\n        if exception_class == UnexpectedAlertPresentException:\n            alert_text = None\n            if \"data\" in value:\n                alert_text = value[\"data\"].get(\"text\")\n            elif \"alert\" in value:\n                alert_text = value[\"alert\"].get(\"text\")\n            raise exception_class(message, screen, stacktrace, alert_text)  # type: ignore[call-arg]  # mypy is not smart enough here\n>       raise exception_class(message, screen, stacktrace)\nE       selenium.common.exceptions.NoSuchElementException: Message: no such element: Unable to locate element: {\"method\":\"xpath\",\"selector\":\"//input[@title=\"First Name\"]\"}\nE         (Session info: chrome=140.0.7339.80); For documentation on this error, please visit: https://www.selenium.dev/documentation/webdriver/troubleshooting/errors#no-such-element-exception\nE       Stacktrace:\nE       #0 0x559c3739d94a <unknown>\nE       #1 0x559c36e128a0 <unknown>\nE       #2 0x559c36e64540 <unknown>\nE       #3 0x559c36e64731 <unknown>\nE       #4 0x559c36eb2824 <unknown>\nE       #5 0x559c36e8a05d <unknown>\nE       #6 0x559c36eafc23 <unknown>\nE       #7 0x559c36e89e03 <unknown>\nE       #8 0x559c36e56968 <unknown>\nE       #9 0x559c36e575e1 <unknown>\nE       #10 0x559c37361548 <unknown>\nE       #11 0x559c37365272 <unknown>\nE       #12 0x559c37348313 <unknown>\nE       #13 0x559c37365dc5 <unknown>\nE       #14 0x559c3732d49f <unknown>\nE       #15 0x559c3738a158 <unknown>\nE       #16 0x559c3738a332 <unknown>\nE       #17 0x559c3739ca53 <unknown>\nE       #18 0x7f49c2c9caa4 <unknown>\nE       #19 0x7f49c2d29c3c <unknown>\n\n/opt/hostedtoolcache/Python/3.11.13/x64/lib/python3.11/site-packages/selenium/webdriver/remote/errorhandler.py:232: NoSuchElementException","flaky":false,"newFailed":false,"newBroken":false,"newPassed":false,"retriesCount":0,"retriesStatusChange":false,"beforeStages":[{"name":"driver","time":{"start":1758026032753,"stop":1758026033015,"duration":262},"status":"passed","steps":[],"attachments":[],"parameters":[],"shouldDisplayMessage":false,"stepsCount":0,"attachmentsCount":0,"hasContent":false,"attachmentStep":false},{"name":"create_customer_account_page","time":{"start":1758026033015,"stop":1758026033015,"duration":0},"status":"passed","steps":[],"attachments":[],"parameters":[],"shouldDisplayMessage":false,"stepsCount":0,"attachmentsCount":0,"hasContent":false,"attachmentStep":false}],"afterStages":[],"labels":[{"name":"tag","value":"extended"},{"name":"parentSuite","value":"tests"},{"name":"suite","value":"test_create_customer_account_page"},{"name":"host","value":"runnervmf4ws1"},{"name":"thread","value":"3495-MainThread"},{"name":"framework","value":"pytest"},{"name":"language","value":"cpython3"},{"name":"package","value":"tests.test_create_customer_account_page"},{"name":"resultFormat","value":"allure2"}],"parameters":[],"links":[],"hidden":false,"retry":false,"extra":{"severity":"normal","retries":[],"categories":[{"name":"Test defects","matchedStatuses":[]}],"tags":["extended"]},"source":"5f92e0cf87ef1e98.json","parameterValues":[]}