{"uid":"b3ad235fc5a51a58","name":"test_check_the_deal_titles","fullName":"tests.test_sale_page#test_check_the_deal_titles","historyId":"eb125d7213fab462e15c27be7be1f0a2","time":{"start":1758027221567,"stop":1758027221777,"duration":210},"description":"Check the deal titles","descriptionHtml":"<p>Check the deal titles</p>\n","status":"broken","statusMessage":"selenium.common.exceptions.NoSuchElementException: Message: no such element: Unable to locate element: {\"method\":\"xpath\",\"selector\":\"//span[text()=\"Women's Deals\"]\"}\n  (Session info: chrome=140.0.7339.80); For documentation on this error, please visit: https://www.selenium.dev/documentation/webdriver/troubleshooting/errors#no-such-element-exception\nStacktrace:\n#0 0x55fecd45c94a <unknown>\n#1 0x55fecced18a0 <unknown>\n#2 0x55feccf23540 <unknown>\n#3 0x55feccf23731 <unknown>\n#4 0x55feccf71824 <unknown>\n#5 0x55feccf4905d <unknown>\n#6 0x55feccf6ec23 <unknown>\n#7 0x55feccf48e03 <unknown>\n#8 0x55feccf15968 <unknown>\n#9 0x55feccf165e1 <unknown>\n#10 0x55fecd420548 <unknown>\n#11 0x55fecd424272 <unknown>\n#12 0x55fecd407313 <unknown>\n#13 0x55fecd424dc5 <unknown>\n#14 0x55fecd3ec49f <unknown>\n#15 0x55fecd449158 <unknown>\n#16 0x55fecd449332 <unknown>\n#17 0x55fecd45ba53 <unknown>\n#18 0x7fafb289caa4 <unknown>\n#19 0x7fafb2929c3c <unknown>","statusTrace":"sale_page = <pages.sale_page.Sale object at 0x7f20c738b550>\n\n    @pytest.mark.smoke\n    @allure.description('Check the deal titles')\n    def test_check_the_deal_titles(sale_page):\n        sale_page.open_page()\n>       sale_page.check_if_deal_titles_are_correct(\n            \"Women's Deals\",\n            \"Mens's Deals\",\n            \"Gear Deals\"\n        )\n\ntests/test_sale_page.py:7: \n_ _ _ _ _ _ _ _ _ _ _ _ _ _ _ _ _ _ _ _ _ _ _ _ _ _ _ _ _ _ _ _ _ _ _ _ _ _ _ _ \npages/sale_page.py:12: in check_if_deal_titles_are_correct\n    womens = self.find(loc.womens_deals_loc)\n             ^^^^^^^^^^^^^^^^^^^^^^^^^^^^^^^\npages/base_page.py:21: in find\n    return self.driver.find_element(*locator)\n           ^^^^^^^^^^^^^^^^^^^^^^^^^^^^^^^^^^\n/opt/hostedtoolcache/Python/3.11.13/x64/lib/python3.11/site-packages/selenium/webdriver/remote/webdriver.py:914: in find_element\n    return self.execute(Command.FIND_ELEMENT, {\"using\": by, \"value\": value})[\"value\"]\n           ^^^^^^^^^^^^^^^^^^^^^^^^^^^^^^^^^^^^^^^^^^^^^^^^^^^^^^^^^^^^^^^^^\n/opt/hostedtoolcache/Python/3.11.13/x64/lib/python3.11/site-packages/selenium/webdriver/remote/webdriver.py:447: in execute\n    self.error_handler.check_response(response)\n_ _ _ _ _ _ _ _ _ _ _ _ _ _ _ _ _ _ _ _ _ _ _ _ _ _ _ _ _ _ _ _ _ _ _ _ _ _ _ _ \n\nself = <selenium.webdriver.remote.errorhandler.ErrorHandler object at 0x7f20c7389e50>\nresponse = {'status': 404, 'value': '{\"value\":{\"error\":\"no such element\",\"message\":\"no such element: Unable to locate element: {\\...\\\\n#17 0x55fecd45ba53 \\\\u003Cunknown>\\\\n#18 0x7fafb289caa4 \\\\u003Cunknown>\\\\n#19 0x7fafb2929c3c \\\\u003Cunknown>\\\\n\"}}'}\n\n    def check_response(self, response: Dict[str, Any]) -> None:\n        \"\"\"Checks that a JSON response from the WebDriver does not have an\n        error.\n    \n        :Args:\n         - response - The JSON response from the WebDriver server as a dictionary\n           object.\n    \n        :Raises: If the response contains an error message.\n        \"\"\"\n        status = response.get(\"status\", None)\n        if not status or status == ErrorCode.SUCCESS:\n            return\n        value = None\n        message = response.get(\"message\", \"\")\n        screen: str = response.get(\"screen\", \"\")\n        stacktrace = None\n        if isinstance(status, int):\n            value_json = response.get(\"value\", None)\n            if value_json and isinstance(value_json, str):\n                import json\n    \n                try:\n                    value = json.loads(value_json)\n                    if len(value) == 1:\n                        value = value[\"value\"]\n                    status = value.get(\"error\", None)\n                    if not status:\n                        status = value.get(\"status\", ErrorCode.UNKNOWN_ERROR)\n                        message = value.get(\"value\") or value.get(\"message\")\n                        if not isinstance(message, str):\n                            value = message\n                            message = message.get(\"message\")\n                    else:\n                        message = value.get(\"message\", None)\n                except ValueError:\n                    pass\n    \n        exception_class: Type[WebDriverException]\n        e = ErrorCode()\n        error_codes = [item for item in dir(e) if not item.startswith(\"__\")]\n        for error_code in error_codes:\n            error_info = getattr(ErrorCode, error_code)\n            if isinstance(error_info, list) and status in error_info:\n                exception_class = getattr(ExceptionMapping, error_code, WebDriverException)\n                break\n        else:\n            exception_class = WebDriverException\n    \n        if not value:\n            value = response[\"value\"]\n        if isinstance(value, str):\n            raise exception_class(value)\n        if message == \"\" and \"message\" in value:\n            message = value[\"message\"]\n    \n        screen = None  # type: ignore[assignment]\n        if \"screen\" in value:\n            screen = value[\"screen\"]\n    \n        stacktrace = None\n        st_value = value.get(\"stackTrace\") or value.get(\"stacktrace\")\n        if st_value:\n            if isinstance(st_value, str):\n                stacktrace = st_value.split(\"\\n\")\n            else:\n                stacktrace = []\n                try:\n                    for frame in st_value:\n                        line = frame.get(\"lineNumber\", \"\")\n                        file = frame.get(\"fileName\", \"<anonymous>\")\n                        if line:\n                            file = f\"{file}:{line}\"\n                        meth = frame.get(\"methodName\", \"<anonymous>\")\n                        if \"className\" in frame:\n                            meth = f\"{frame['className']}.{meth}\"\n                        msg = \"    at %s (%s)\"\n                        msg = msg % (meth, file)\n                        stacktrace.append(msg)\n                except TypeError:\n                    pass\n        if exception_class == UnexpectedAlertPresentException:\n            alert_text = None\n            if \"data\" in value:\n                alert_text = value[\"data\"].get(\"text\")\n            elif \"alert\" in value:\n                alert_text = value[\"alert\"].get(\"text\")\n            raise exception_class(message, screen, stacktrace, alert_text)  # type: ignore[call-arg]  # mypy is not smart enough here\n>       raise exception_class(message, screen, stacktrace)\nE       selenium.common.exceptions.NoSuchElementException: Message: no such element: Unable to locate element: {\"method\":\"xpath\",\"selector\":\"//span[text()=\"Women's Deals\"]\"}\nE         (Session info: chrome=140.0.7339.80); For documentation on this error, please visit: https://www.selenium.dev/documentation/webdriver/troubleshooting/errors#no-such-element-exception\nE       Stacktrace:\nE       #0 0x55fecd45c94a <unknown>\nE       #1 0x55fecced18a0 <unknown>\nE       #2 0x55feccf23540 <unknown>\nE       #3 0x55feccf23731 <unknown>\nE       #4 0x55feccf71824 <unknown>\nE       #5 0x55feccf4905d <unknown>\nE       #6 0x55feccf6ec23 <unknown>\nE       #7 0x55feccf48e03 <unknown>\nE       #8 0x55feccf15968 <unknown>\nE       #9 0x55feccf165e1 <unknown>\nE       #10 0x55fecd420548 <unknown>\nE       #11 0x55fecd424272 <unknown>\nE       #12 0x55fecd407313 <unknown>\nE       #13 0x55fecd424dc5 <unknown>\nE       #14 0x55fecd3ec49f <unknown>\nE       #15 0x55fecd449158 <unknown>\nE       #16 0x55fecd449332 <unknown>\nE       #17 0x55fecd45ba53 <unknown>\nE       #18 0x7fafb289caa4 <unknown>\nE       #19 0x7fafb2929c3c <unknown>\n\n/opt/hostedtoolcache/Python/3.11.13/x64/lib/python3.11/site-packages/selenium/webdriver/remote/errorhandler.py:232: NoSuchElementException","flaky":false,"newFailed":false,"newBroken":false,"newPassed":false,"retriesCount":0,"retriesStatusChange":false,"beforeStages":[{"name":"driver","time":{"start":1758027221288,"stop":1758027221567,"duration":279},"status":"passed","steps":[],"attachments":[],"parameters":[],"shouldDisplayMessage":false,"stepsCount":0,"attachmentsCount":0,"hasContent":false,"attachmentStep":false},{"name":"sale_page","time":{"start":1758027221567,"stop":1758027221567,"duration":0},"status":"passed","steps":[],"attachments":[],"parameters":[],"shouldDisplayMessage":false,"stepsCount":0,"attachmentsCount":0,"hasContent":false,"attachmentStep":false}],"afterStages":[],"labels":[{"name":"tag","value":"smoke"},{"name":"parentSuite","value":"tests"},{"name":"suite","value":"test_sale_page"},{"name":"host","value":"runnervmf4ws1"},{"name":"thread","value":"3482-MainThread"},{"name":"framework","value":"pytest"},{"name":"language","value":"cpython3"},{"name":"package","value":"tests.test_sale_page"},{"name":"resultFormat","value":"allure2"}],"parameters":[],"links":[],"hidden":false,"retry":false,"extra":{"severity":"normal","retries":[],"categories":[{"name":"Test defects","matchedStatuses":[]}],"tags":["smoke"]},"source":"b3ad235fc5a51a58.json","parameterValues":[]}